<?xml version="1.0" encoding="UTF-8"?>
<testsuite name="test_access_manager_tests.TestAccessManager-20210418131908" tests="4" file="test_access_manager_tests.py" time="0.009" timestamp="2021-04-18T13:19:08" failures="0" errors="0" skipped="0">
	<testcase classname="test_access_manager_tests.TestAccessManager" name="test_comprobar_keys_correcta_1" time="0.003" timestamp="2021-04-18T13:19:08"/>
	<testcase classname="test_access_manager_tests.TestAccessManager" name="test_comprobar_keys_correcta_2" time="0.002" timestamp="2021-04-18T13:19:08"/>
	<testcase classname="test_access_manager_tests.TestAccessManager" name="test_comprobar_keys_incorrectos_1" time="0.002" timestamp="2021-04-18T13:19:08"/>
	<testcase classname="test_access_manager_tests.TestAccessManager" name="test_comprobar_keys_incorrectos_2" time="0.002" timestamp="2021-04-18T13:19:08"/>
</testsuite>
