<?xml version="1.0" encoding="UTF-8"?>
<testsuite name="test_request_access_code_tests.MyTestCase-20210418131908" tests="23" file="test_request_access_code_tests.py" time="0.062" timestamp="2021-04-18T13:19:10" failures="0" errors="0" skipped="0">
	<testcase classname="test_request_access_code_tests.MyTestCase" name="test_request_access_code_2_letras_dni_7" time="0.002" timestamp="2021-04-18T13:19:09"/>
	<testcase classname="test_request_access_code_tests.MyTestCase" name="test_request_access_code_7_numeros_4" time="0.002" timestamp="2021-04-18T13:19:09"/>
	<testcase classname="test_request_access_code_tests.MyTestCase" name="test_request_access_code_8_numeros_5" time="0.002" timestamp="2021-04-18T13:19:09"/>
	<testcase classname="test_request_access_code_tests.MyTestCase" name="test_request_access_code_blank_email_16" time="0.003" timestamp="2021-04-18T13:19:09"/>
	<testcase classname="test_request_access_code_tests.MyTestCase" name="test_request_access_code_dni_guest_ok_1" time="0.004" timestamp="2021-04-18T13:19:09"/>
	<testcase classname="test_request_access_code_tests.MyTestCase" name="test_request_access_code_dni_repetido_3" time="0.015" timestamp="2021-04-18T13:19:09"/>
	<testcase classname="test_request_access_code_tests.MyTestCase" name="test_request_access_code_dni_resident_ok_2" time="0.003" timestamp="2021-04-18T13:19:09"/>
	<testcase classname="test_request_access_code_tests.MyTestCase" name="test_request_access_code_guest_mas_dias_12" time="0.002" timestamp="2021-04-18T13:19:10"/>
	<testcase classname="test_request_access_code_tests.MyTestCase" name="test_request_access_code_guest_menos_dias_11" time="0.002" timestamp="2021-04-18T13:19:10"/>
	<testcase classname="test_request_access_code_tests.MyTestCase" name="test_request_access_code_int_name_22" time="0.002" timestamp="2021-04-18T13:19:10"/>
	<testcase classname="test_request_access_code_tests.MyTestCase" name="test_request_access_code_letra_entre_numeros_9" time="0.002" timestamp="2021-04-18T13:19:10"/>
	<testcase classname="test_request_access_code_tests.MyTestCase" name="test_request_access_code_letra_numeros_cambiados_8" time="0.002" timestamp="2021-04-18T13:19:10"/>
	<testcase classname="test_request_access_code_tests.MyTestCase" name="test_request_access_code_name_no_surname_23" time="0.002" timestamp="2021-04-18T13:19:10"/>
	<testcase classname="test_request_access_code_tests.MyTestCase" name="test_request_access_code_no_at_email_15" time="0.002" timestamp="2021-04-18T13:19:10"/>
	<testcase classname="test_request_access_code_tests.MyTestCase" name="test_request_access_code_no_dni_20" time="0.001" timestamp="2021-04-18T13:19:10"/>
	<testcase classname="test_request_access_code_tests.MyTestCase" name="test_request_access_code_no_domain_2_email_18" time="0.002" timestamp="2021-04-18T13:19:10"/>
	<testcase classname="test_request_access_code_tests.MyTestCase" name="test_request_access_code_no_domain_email_17" time="0.002" timestamp="2021-04-18T13:19:10"/>
	<testcase classname="test_request_access_code_tests.MyTestCase" name="test_request_access_code_no_email_19" time="0.002" timestamp="2021-04-18T13:19:10"/>
	<testcase classname="test_request_access_code_tests.MyTestCase" name="test_request_access_code_no_letra_dni_6" time="0.002" timestamp="2021-04-18T13:19:10"/>
	<testcase classname="test_request_access_code_tests.MyTestCase" name="test_request_access_code_no_name_21" time="0.003" timestamp="2021-04-18T13:19:10"/>
	<testcase classname="test_request_access_code_tests.MyTestCase" name="test_request_access_code_nums_end_email_14" time="0.002" timestamp="2021-04-18T13:19:10"/>
	<testcase classname="test_request_access_code_tests.MyTestCase" name="test_request_access_code_resident_num_dist_0_13" time="0.002" timestamp="2021-04-18T13:19:10"/>
	<testcase classname="test_request_access_code_tests.MyTestCase" name="test_request_access_code_tipo_de_acceso_distinto_10" time="0.002" timestamp="2021-04-18T13:19:10"/>
</testsuite>
